#-----------------------------------------------------------
# Vivado v2020.2 (64-bit)
# SW Build 3064766 on Wed Nov 18 09:12:45 MST 2020
# IP Build 3064653 on Wed Nov 18 14:17:31 MST 2020
# Start of session at: Sun Dec  5 14:12:57 2021
# Process ID: 2484
# Current directory: C:/Users/micha/OneDrive/Documents/GitHub/EGRE_365_Final_Project
# Command line: vivado.exe -gui_launcher_event rodinguilauncherevent1556 C:\Users\micha\OneDrive\Documents\GitHub\EGRE_365_Final_Project\final_project.xpr
# Log file: C:/Users/micha/OneDrive/Documents/GitHub/EGRE_365_Final_Project/vivado.log
# Journal file: C:/Users/micha/OneDrive/Documents/GitHub/EGRE_365_Final_Project\vivado.jou
#-----------------------------------------------------------
start_gui
open_project C:/Users/micha/OneDrive/Documents/GitHub/EGRE_365_Final_Project/final_project.xpr
WARNING: [filemgmt 56-3] Default IP Output Path : Could not find the directory 'C:/Users/micha/OneDrive/Documents/GitHub/EGRE_365_Final_Project/final_project.gen/sources_1'.
Scanning sources...
Finished scanning sources
ERROR: [Project 1-510] Parsing generated run data failed
create_project project_11 C:/Users/micha/OneDrive/Documents/EGRE_365/project_11 -part xc7a100tcsg324-1
INFO: [IP_Flow 19-234] Refreshing IP repositories
INFO: [IP_Flow 19-1704] No user IP repositories specified
INFO: [IP_Flow 19-2313] Loaded Vivado IP repository 'C:/Xilinx/Vivado/2020.2/data/ip'.
set_property target_language VHDL [current_project]
add_files -norecurse {C:/Users/micha/OneDrive/Documents/GitHub/EGRE_365_Final_Project/final_project.srcs/sources_1/new/spi_fsm_toplevel_skeleton.vhd C:/Users/micha/OneDrive/Documents/GitHub/EGRE_365_Final_Project/final_project.srcs/sources_1/imports/lab6_assignment_sources/clock_divider.vhd C:/Users/micha/OneDrive/Documents/GitHub/EGRE_365_Final_Project/final_project.srcs/sources_1/imports/new/FSM.vhd C:/Users/micha/OneDrive/Documents/GitHub/EGRE_365_Final_Project/final_project.srcs/sources_1/imports/lab8_2019/spi_controller.vhd}
update_compile_order -fileset sources_1
export_ip_user_files -of_objects  [get_files C:/Users/micha/OneDrive/Documents/GitHub/EGRE_365_Final_Project/final_project.srcs/sources_1/imports/new/FSM.vhd] -no_script -reset -force -quiet
remove_files  C:/Users/micha/OneDrive/Documents/GitHub/EGRE_365_Final_Project/final_project.srcs/sources_1/imports/new/FSM.vhd
add_files -norecurse C:/Users/micha/Downloads/FSM.vhd
update_compile_order -fileset sources_1
update_compile_order -fileset sources_1
update_compile_order -fileset sources_1
add_files -norecurse C:/Users/micha/Downloads/FSM.vhd
WARNING: [filemgmt 56-12] File 'C:/Users/micha/Downloads/FSM.vhd' cannot be added to the project because it already exists in the project, skipping this file
set_property SOURCE_SET sources_1 [get_filesets sim_1]
add_files -fileset sim_1 -norecurse C:/Users/micha/OneDrive/Documents/GitHub/EGRE_365_Final_Project/final_project.srcs/sim_1/new/tb_spi_controller.vhd
update_compile_order -fileset sim_1
launch_runs synth_1 -jobs 8
[Sun Dec  5 14:40:34 2021] Launched synth_1...
Run output will be captured here: C:/Users/micha/OneDrive/Documents/EGRE_365/project_11/project_11.runs/synth_1/runme.log
update_compile_order -fileset sources_1
update_compile_order -fileset sources_1
open_project C:/Users/micha/OneDrive/Documents/GitHub/EGRE_365_Final_Project/final_project.xpr
WARNING: [filemgmt 56-3] Default IP Output Path : Could not find the directory 'C:/Users/micha/OneDrive/Documents/GitHub/EGRE_365_Final_Project/final_project.gen/sources_1'.
Scanning sources...
Finished scanning sources
ERROR: [Project 1-510] Parsing generated run data failed
close_project
open_project C:/Users/micha/OneDrive/Documents/GitHub/EGRE_365_Final_Project/final_project.xpr
WARNING: [filemgmt 56-3] Default IP Output Path : Could not find the directory 'C:/Users/micha/OneDrive/Documents/GitHub/EGRE_365_Final_Project/final_project.gen/sources_1'.
Scanning sources...
Finished scanning sources
ERROR: [Project 1-510] Parsing generated run data failed
open_project C:/Users/micha/OneDrive/Documents/GitHub/EGRE_365_Final_Project/final_project.xpr
WARNING: [filemgmt 56-3] Default IP Output Path : Could not find the directory 'C:/Users/micha/OneDrive/Documents/GitHub/EGRE_365_Final_Project/final_project.gen/sources_1'.
Scanning sources...
Finished scanning sources
ERROR: [Project 1-510] Parsing generated run data failed
open_project C:/Users/micha/OneDrive/Documents/GitHub/EGRE_365_Final_Project/final_project.xpr
WARNING: [filemgmt 56-3] Default IP Output Path : Could not find the directory 'C:/Users/micha/OneDrive/Documents/GitHub/EGRE_365_Final_Project/final_project.gen/sources_1'.
Scanning sources...
Finished scanning sources
ERROR: [Project 1-510] Parsing generated run data failed
open_project C:/Users/micha/OneDrive/Documents/GitHub/EGRE_365_Final_Project/final_project.xpr
WARNING: [filemgmt 56-3] Default IP Output Path : Could not find the directory 'C:/Users/micha/OneDrive/Documents/GitHub/EGRE_365_Final_Project/final_project.gen/sources_1'.
Scanning sources...
Finished scanning sources
ERROR: [Project 1-510] Parsing generated run data failed
open_project C:/Users/micha/OneDrive/Documents/GitHub/EGRE_365_Final_Project/final_project.xpr
WARNING: [filemgmt 56-3] Default IP Output Path : Could not find the directory 'C:/Users/micha/OneDrive/Documents/GitHub/EGRE_365_Final_Project/final_project.gen/sources_1'.
Scanning sources...
Finished scanning sources
ERROR: [Project 1-510] Parsing generated run data failed
open_project C:/Users/micha/OneDrive/Documents/GitHub/EGRE_365_Final_Project/final_project.xpr
WARNING: [filemgmt 56-3] Default IP Output Path : Could not find the directory 'C:/Users/micha/OneDrive/Documents/GitHub/EGRE_365_Final_Project/final_project.gen/sources_1'.
Scanning sources...
Finished scanning sources
ERROR: [Project 1-510] Parsing generated run data failed
open_project C:/Users/micha/OneDrive/Documents/GitHub/EGRE_365_Final_Project/final_project.xpr
WARNING: [filemgmt 56-3] Default IP Output Path : Could not find the directory 'C:/Users/micha/OneDrive/Documents/GitHub/EGRE_365_Final_Project/final_project.gen/sources_1'.
Scanning sources...
Finished scanning sources
ERROR: [Project 1-510] Parsing generated run data failed
exit
INFO: [Common 17-206] Exiting Vivado at Sun Dec  5 14:51:46 2021...
