
*** Running vivado
    with args -log SPI_Control.vds -m64 -product Vivado -mode batch -messageDb vivado.pb -notrace -source SPI_Control.tcl



****** Vivado v2020.2 (64-bit)
  **** SW Build 3064766 on Wed Nov 18 09:12:45 MST 2020
  **** IP Build 3064653 on Wed Nov 18 14:17:31 MST 2020
    ** Copyright 1986-2020 Xilinx, Inc. All Rights Reserved.

source SPI_Control.tcl -notrace
Command: synth_design -top SPI_Control -part xc7a100tcsg324-1
Starting synth_design
Attempting to get a license for feature 'Synthesis' and/or device 'xc7a100t'
INFO: [Common 17-349] Got license for feature 'Synthesis' and/or device 'xc7a100t'
INFO: [Synth 8-7079] Multithreading enabled for synth_design using a maximum of 2 processes.
INFO: [Synth 8-7078] Launching helper process for spawning children vivado processes
INFO: [Synth 8-7075] Helper process launched with PID 28140
---------------------------------------------------------------------------------
Starting Synthesize : Time (s): cpu = 00:00:04 ; elapsed = 00:00:05 . Memory (MB): peak = 1020.656 ; gain = 0.000
---------------------------------------------------------------------------------
INFO: [Synth 8-638] synthesizing module 'SPI_Control' [C:/Users/hpcpe/Documents/VCU/EGRE 365/Labs/final_project/final_project.srcs/sources_1/new/SPI_Control.vhd:20]
ERROR: [Synth 8-27] unsynthesizable attribute not supported [C:/Users/hpcpe/Documents/VCU/EGRE 365/Labs/final_project/final_project.srcs/sources_1/new/SPI_Control.vhd:61]
ERROR: [Synth 8-285] failed synthesizing module 'SPI_Control' [C:/Users/hpcpe/Documents/VCU/EGRE 365/Labs/final_project/final_project.srcs/sources_1/new/SPI_Control.vhd:20]
---------------------------------------------------------------------------------
Finished Synthesize : Time (s): cpu = 00:00:05 ; elapsed = 00:00:06 . Memory (MB): peak = 1020.656 ; gain = 0.000
---------------------------------------------------------------------------------
synthesize failed
INFO: [Common 17-83] Releasing license: Synthesis
6 Infos, 0 Warnings, 0 Critical Warnings and 3 Errors encountered.
synth_design failed
ERROR: [Common 17-69] Command failed: Vivado Synthesis failed
INFO: [Common 17-206] Exiting Vivado at Fri Dec  3 09:56:16 2021...
