#-----------------------------------------------------------
# Vivado v2020.2 (64-bit)
# SW Build 3064766 on Wed Nov 18 09:12:45 MST 2020
# IP Build 3064653 on Wed Nov 18 14:17:31 MST 2020
# Start of session at: Sun Dec  5 14:53:22 2021
# Process ID: 11124
# Current directory: C:/Users/micha/OneDrive/Documents/GitHub/EGRE_365_Final_Project/final_project.runs/synth_1
# Command line: vivado.exe -gui_launcher_event rodinguilauncherevent10588 C:\Users\micha\OneDrive\Documents\GitHub\EGRE_365_Final_Project\final_project.runs\synth_1\clock_divider.dcp
# Log file: C:/Users/micha/OneDrive/Documents/GitHub/EGRE_365_Final_Project/final_project.runs/synth_1/vivado.log
# Journal file: C:/Users/micha/OneDrive/Documents/GitHub/EGRE_365_Final_Project/final_project.runs/synth_1\vivado.jou
#-----------------------------------------------------------
start_gui
open_checkpoint C:/Users/micha/OneDrive/Documents/GitHub/EGRE_365_Final_Project/final_project.runs/synth_1/clock_divider.dcp
Command: open_checkpoint C:/Users/micha/OneDrive/Documents/GitHub/EGRE_365_Final_Project/final_project.runs/synth_1/clock_divider.dcp

Starting open_checkpoint Task

Time (s): cpu = 00:00:00 ; elapsed = 00:00:00.046 . Memory (MB): peak = 1017.848 ; gain = 0.000
INFO: [IP_Flow 19-234] Refreshing IP repositories
INFO: [IP_Flow 19-1704] No user IP repositories specified
INFO: [IP_Flow 19-2313] Loaded Vivado IP repository 'C:/Xilinx/Vivado/2020.2/data/ip'.
INFO: [Device 21-403] Loading part xc7a100tcsg324-1
Netlist sorting complete. Time (s): cpu = 00:00:00 ; elapsed = 00:00:00.001 . Memory (MB): peak = 1070.797 ; gain = 0.000
INFO: [Netlist 29-17] Analyzing 6 Unisim elements for replacement
INFO: [Netlist 29-28] Unisim Transformation completed in 0 CPU seconds
INFO: [Project 1-479] Netlist was created with Vivado 2020.2
INFO: [Project 1-570] Preparing netlist for logic optimization
Netlist sorting complete. Time (s): cpu = 00:00:00 ; elapsed = 00:00:00 . Memory (MB): peak = 1151.762 ; gain = 0.000
INFO: [Project 1-111] Unisim Transformation Summary:
No Unisim elements were transformed.

INFO: [Project 1-604] Checkpoint was created with Vivado v2020.2 (64-bit) build 3064766
open_checkpoint: Time (s): cpu = 00:00:27 ; elapsed = 00:00:15 . Memory (MB): peak = 1331.211 ; gain = 313.363
close_design
open_checkpoint C:/Users/micha/OneDrive/Documents/GitHub/EGRE_365_Final_Project/final_project.runs/synth_1/clock_divider.dcp
Command: open_checkpoint C:/Users/micha/OneDrive/Documents/GitHub/EGRE_365_Final_Project/final_project.runs/synth_1/clock_divider.dcp

Starting open_checkpoint Task

Time (s): cpu = 00:00:00 ; elapsed = 00:00:00 . Memory (MB): peak = 1781.664 ; gain = 0.000
INFO: [IP_Flow 19-234] Refreshing IP repositories
INFO: [IP_Flow 19-1704] No user IP repositories specified
INFO: [IP_Flow 19-2313] Loaded Vivado IP repository 'C:/Xilinx/Vivado/2020.2/data/ip'.
Netlist sorting complete. Time (s): cpu = 00:00:00 ; elapsed = 00:00:00 . Memory (MB): peak = 1781.664 ; gain = 0.000
INFO: [Netlist 29-17] Analyzing 6 Unisim elements for replacement
INFO: [Netlist 29-28] Unisim Transformation completed in 0 CPU seconds
INFO: [Project 1-479] Netlist was created with Vivado 2020.2
INFO: [Project 1-570] Preparing netlist for logic optimization
Netlist sorting complete. Time (s): cpu = 00:00:00 ; elapsed = 00:00:00 . Memory (MB): peak = 1781.664 ; gain = 0.000
INFO: [Project 1-111] Unisim Transformation Summary:
No Unisim elements were transformed.

INFO: [Project 1-604] Checkpoint was created with Vivado v2020.2 (64-bit) build 3064766
